<?xml version="1.0" encoding="UTF-8"?>
<!-- Generated by org.testng.reporters.JUnitXMLReporter -->
<testsuite ignored="0" hostname="LAPTOP-3VE0IGJG" failures="0" tests="2" name="Error validation Test" time="16.615" errors="0" timestamp="2025-04-20T12:39:36 IST">
  <testcase classname="rahulshettyacademy.tests.ErrorValidationTest" name="loginErrorValidation" time="1.24"/>
  <testcase classname="rahulshettyacademy.tests.ErrorValidationTest" name="prodErrorValidation" time="3.865"/>
</testsuite> <!-- Error validation Test -->
