<?xml version="1.0" encoding="UTF-8"?>
<!-- Generated by org.testng.reporters.JUnitXMLReporter -->
<testsuite ignored="0" hostname="LAPTOP-3VE0IGJG" failures="0" tests="2" name="Submit Order Test" time="33.105" errors="0" timestamp="2025-04-20T12:39:19 IST">
  <testcase classname="rahulshettyacademy.tests.SubmitOrderTest" name="submitOrder" time="4.797"/>
  <testcase classname="rahulshettyacademy.tests.SubmitOrderTest" name="verifyProductOnOrders" time="1.372"/>
</testsuite> <!-- Submit Order Test -->
