<?xml version="1.0" encoding="UTF-8"?>
<!-- Generated by org.testng.reporters.JUnitXMLReporter -->
<testsuite ignored="0" hostname="LAPTOP-3VE0IGJG" failures="0" tests="2" name="Error validation Test" time="14.383" errors="0" timestamp="2025-04-15T13:54:16 IST">
  <testcase classname="rahulshettyacademy.tests.ErrorValidationTest" name="loginErrorValidation" time="1.052"/>
  <testcase classname="rahulshettyacademy.tests.ErrorValidationTest" name="prodErrorValidation" time="6.114"/>
</testsuite> <!-- Error validation Test -->
